[0m18:25:40.628303 [debug] [MainThread]: Sending event: {'category': 'dbt', 'action': 'invocation', 'label': 'start', 'context': [<snowplow_tracker.self_describing_json.SelfDescribingJson object at 0x00000163C1ED0CB0>, <snowplow_tracker.self_describing_json.SelfDescribingJson object at 0x00000163C1C21D00>, <snowplow_tracker.self_describing_json.SelfDescribingJson object at 0x00000163C1D26BA0>]}


============================== 18:25:40.638378 | 9d09b416-7ca7-46dc-aafd-0667625aaee2 ==============================
[0m18:25:40.638378 [info ] [MainThread]: Running with dbt=1.9.0-b2
[0m18:25:40.638378 [debug] [MainThread]: running dbt with arguments {'printer_width': '80', 'indirect_selection': 'eager', 'log_cache_events': 'False', 'write_json': 'True', 'partial_parse': 'True', 'cache_selected_only': 'False', 'warn_error': 'None', 'version_check': 'True', 'fail_fast': 'False', 'log_path': 'logs', 'profiles_dir': 'C:\\Users\\teeyob\\.dbt', 'debug': 'False', 'use_colors': 'True', 'use_experimental_parser': 'False', 'empty': 'None', 'quiet': 'False', 'no_print': 'None', 'warn_error_options': 'WarnErrorOptions(include=[], exclude=[])', 'static_parser': 'True', 'log_format': 'default', 'invocation_command': 'dbt init my_project', 'target_path': 'None', 'introspect': 'True', 'send_anonymous_usage_stats': 'True'}
[0m18:25:40.703954 [warn ] [MainThread]: [ConfigFolderDirectory]: Unable to parse dict {'dir': WindowsPath('C:/Users/teeyob/.dbt')}
[0m18:25:40.703954 [info ] [MainThread]: Creating dbt configuration folder at 
[0m18:25:40.708288 [debug] [MainThread]: Starter project path: c:\Users\teeyob\EthiMed_Data_Hub\.venv\Lib\site-packages\dbt\include\starter_project
[0m18:25:40.738670 [info ] [MainThread]: 
Your new dbt project "my_project" was created!

For more information on how to configure the profiles.yml file,
please consult the dbt documentation here:

  https://docs.getdbt.com/docs/configure-your-profile

One more thing:

Need help? Don't hesitate to reach out to us via GitHub issues or on Slack:

  https://community.getdbt.com/

Happy modeling!

[0m18:25:40.741307 [info ] [MainThread]: Setting up your profile.
[0m18:30:55.223603 [info ] [MainThread]: Profile my_project written to C:\Users\teeyob\.dbt\profiles.yml using target's profile_template.yml and your supplied values. Run 'dbt debug' to validate the connection.
[0m18:30:55.223603 [debug] [MainThread]: Command `dbt init` succeeded at 18:30:55.223603 after 314.79 seconds
[0m18:30:55.223603 [debug] [MainThread]: Sending event: {'category': 'dbt', 'action': 'invocation', 'label': 'end', 'context': [<snowplow_tracker.self_describing_json.SelfDescribingJson object at 0x00000163C196E570>, <snowplow_tracker.self_describing_json.SelfDescribingJson object at 0x00000163C21BBE60>, <snowplow_tracker.self_describing_json.SelfDescribingJson object at 0x00000163C22A7830>]}
[0m18:30:55.223603 [debug] [MainThread]: Flushing usage events
[0m18:30:56.148579 [debug] [MainThread]: An error was encountered while trying to flush usage events
[0m18:31:16.665622 [debug] [MainThread]: Sending event: {'category': 'dbt', 'action': 'invocation', 'label': 'start', 'context': [<snowplow_tracker.self_describing_json.SelfDescribingJson object at 0x000002231E70E330>, <snowplow_tracker.self_describing_json.SelfDescribingJson object at 0x000002231EA63770>, <snowplow_tracker.self_describing_json.SelfDescribingJson object at 0x000002231E4D6210>]}


============================== 18:31:16.665622 | c353ff54-4a19-4d9a-8211-42a1330573b5 ==============================
[0m18:31:16.665622 [info ] [MainThread]: Running with dbt=1.9.0-b2
[0m18:31:16.665622 [debug] [MainThread]: running dbt with arguments {'printer_width': '80', 'indirect_selection': 'eager', 'log_cache_events': 'False', 'write_json': 'True', 'partial_parse': 'True', 'cache_selected_only': 'False', 'warn_error': 'None', 'debug': 'False', 'version_check': 'True', 'log_path': 'logs', 'fail_fast': 'False', 'profiles_dir': 'C:\\Users\\teeyob\\.dbt', 'use_colors': 'True', 'use_experimental_parser': 'False', 'empty': 'None', 'quiet': 'False', 'no_print': 'None', 'warn_error_options': 'WarnErrorOptions(include=[], exclude=[])', 'static_parser': 'True', 'introspect': 'True', 'invocation_command': 'dbt debug', 'target_path': 'None', 'log_format': 'default', 'send_anonymous_usage_stats': 'True'}
[0m18:31:16.697616 [info ] [MainThread]: dbt version: 1.9.0-b2
[0m18:31:16.698712 [info ] [MainThread]: python version: 3.12.5
[0m18:31:16.699546 [info ] [MainThread]: python path: c:\Users\teeyob\EthiMed_Data_Hub\.venv\Scripts\python.exe
[0m18:31:16.700165 [info ] [MainThread]: os info: Windows-11-10.0.22621-SP0
[0m18:31:16.751656 [info ] [MainThread]: Using profiles dir at C:\Users\teeyob\.dbt
[0m18:31:16.751656 [info ] [MainThread]: Using profiles.yml file at C:\Users\teeyob\.dbt\profiles.yml
[0m18:31:16.751656 [info ] [MainThread]: Using dbt_project.yml file at C:\Users\teeyob\EthiMed_Data_Hub\dbt_project.yml
[0m18:31:16.751656 [info ] [MainThread]: adapter type: postgres
[0m18:31:16.767163 [info ] [MainThread]: adapter version: 1.8.2
[0m18:31:16.767673 [info ] [MainThread]: Configuration:
[0m18:31:16.768674 [info ] [MainThread]:   profiles.yml file [[32mOK found and valid[0m]
[0m18:31:16.768674 [info ] [MainThread]:   dbt_project.yml file [[31mERROR not found[0m]
[0m18:31:16.769670 [info ] [MainThread]: Required dependencies:
[0m18:31:16.770668 [debug] [MainThread]: Executing "git --help"
[0m18:31:16.818300 [debug] [MainThread]: STDOUT: "b"usage: git [-v | --version] [-h | --help] [-C <path>] [-c <name>=<value>]\n           [--exec-path[=<path>]] [--html-path] [--man-path] [--info-path]\n           [-p | --paginate | -P | --no-pager] [--no-replace-objects] [--bare]\n           [--git-dir=<path>] [--work-tree=<path>] [--namespace=<name>]\n           [--config-env=<name>=<envvar>] <command> [<args>]\n\nThese are common Git commands used in various situations:\n\nstart a working area (see also: git help tutorial)\n   clone     Clone a repository into a new directory\n   init      Create an empty Git repository or reinitialize an existing one\n\nwork on the current change (see also: git help everyday)\n   add       Add file contents to the index\n   mv        Move or rename a file, a directory, or a symlink\n   restore   Restore working tree files\n   rm        Remove files from the working tree and from the index\n\nexamine the history and state (see also: git help revisions)\n   bisect    Use binary search to find the commit that introduced a bug\n   diff      Show changes between commits, commit and working tree, etc\n   grep      Print lines matching a pattern\n   log       Show commit logs\n   show      Show various types of objects\n   status    Show the working tree status\n\ngrow, mark and tweak your common history\n   branch    List, create, or delete branches\n   commit    Record changes to the repository\n   merge     Join two or more development histories together\n   rebase    Reapply commits on top of another base tip\n   reset     Reset current HEAD to the specified state\n   switch    Switch branches\n   tag       Create, list, delete or verify a tag object signed with GPG\n\ncollaborate (see also: git help workflows)\n   fetch     Download objects and refs from another repository\n   pull      Fetch from and integrate with another repository or a local branch\n   push      Update remote refs along with associated objects\n\n'git help -a' and 'git help -g' list available subcommands and some\nconcept guides. See 'git help <command>' or 'git help <concept>'\nto read about a specific subcommand or concept.\nSee 'git help git' for an overview of the system.\n""
[0m18:31:16.818300 [debug] [MainThread]: STDERR: "b''"
[0m18:31:16.818300 [info ] [MainThread]:  - git [[32mOK found[0m]

[0m18:31:16.818300 [info ] [MainThread]: Connection:
[0m18:31:16.818300 [info ] [MainThread]:   host: localhost
[0m18:31:16.818300 [info ] [MainThread]:   port: 5432
[0m18:31:16.818300 [info ] [MainThread]:   user: postgres
[0m18:31:16.818300 [info ] [MainThread]:   database: Med
[0m18:31:16.818300 [info ] [MainThread]:   schema: public
[0m18:31:16.818300 [info ] [MainThread]:   connect_timeout: 10
[0m18:31:16.818300 [info ] [MainThread]:   role: None
[0m18:31:16.818300 [info ] [MainThread]:   search_path: None
[0m18:31:16.818300 [info ] [MainThread]:   keepalives_idle: 0
[0m18:31:16.830452 [info ] [MainThread]:   sslmode: None
[0m18:31:16.830452 [info ] [MainThread]:   sslcert: None
[0m18:31:16.831454 [info ] [MainThread]:   sslkey: None
[0m18:31:16.831454 [info ] [MainThread]:   sslrootcert: None
[0m18:31:16.832451 [info ] [MainThread]:   application_name: dbt
[0m18:31:16.832451 [info ] [MainThread]:   retries: 1
[0m18:31:16.833448 [info ] [MainThread]: Registered adapter: postgres=1.8.2
[0m18:31:16.834446 [debug] [MainThread]: Acquiring new postgres connection 'debug'
[0m18:31:18.345521 [debug] [MainThread]: Using postgres connection "debug"
[0m18:31:18.345521 [debug] [MainThread]: On debug: select 1 as id
[0m18:31:18.345521 [debug] [MainThread]: Opening a new connection, currently in state init
[0m18:31:18.392410 [debug] [MainThread]: SQL status: SELECT 1 in 0.047 seconds
[0m18:31:18.392410 [debug] [MainThread]: On debug: Close
[0m18:31:18.392410 [info ] [MainThread]:   Connection test: [[32mOK connection ok[0m]

[0m18:31:18.392410 [info ] [MainThread]: [31m1 check failed:[0m
[0m18:31:18.392410 [info ] [MainThread]: Project loading failed for the following reason:
 project path <C:\Users\teeyob\EthiMed_Data_Hub\dbt_project.yml> not found

[0m18:31:18.392410 [debug] [MainThread]: Command `dbt debug` failed at 18:31:18.392410 after 1.95 seconds
[0m18:31:18.392410 [debug] [MainThread]: Connection 'debug' was properly closed.
[0m18:31:18.392410 [debug] [MainThread]: Sending event: {'category': 'dbt', 'action': 'invocation', 'label': 'end', 'context': [<snowplow_tracker.self_describing_json.SelfDescribingJson object at 0x000002231EC317C0>, <snowplow_tracker.self_describing_json.SelfDescribingJson object at 0x000002231F2B13A0>, <snowplow_tracker.self_describing_json.SelfDescribingJson object at 0x000002231EE224B0>]}
[0m18:31:18.392410 [debug] [MainThread]: Flushing usage events
[0m18:31:19.307844 [debug] [MainThread]: An error was encountered while trying to flush usage events
[0m18:36:31.463443 [debug] [MainThread]: Sending event: {'category': 'dbt', 'action': 'invocation', 'label': 'start', 'context': [<snowplow_tracker.self_describing_json.SelfDescribingJson object at 0x000002792B711B20>, <snowplow_tracker.self_describing_json.SelfDescribingJson object at 0x0000027928939400>, <snowplow_tracker.self_describing_json.SelfDescribingJson object at 0x000002792B8D03E0>]}


============================== 18:36:31.479064 | d9680435-08bc-4157-986a-f1ca27dd1fa0 ==============================
[0m18:36:31.479064 [info ] [MainThread]: Running with dbt=1.9.0-b2
[0m18:36:31.479064 [debug] [MainThread]: running dbt with arguments {'printer_width': '80', 'indirect_selection': 'eager', 'write_json': 'True', 'log_cache_events': 'False', 'partial_parse': 'True', 'cache_selected_only': 'False', 'warn_error': 'None', 'debug': 'False', 'profiles_dir': 'C:\\Users\\teeyob\\.dbt', 'log_path': 'logs', 'fail_fast': 'False', 'version_check': 'True', 'use_colors': 'True', 'use_experimental_parser': 'False', 'empty': 'None', 'quiet': 'False', 'no_print': 'None', 'log_format': 'default', 'introspect': 'True', 'invocation_command': 'dbt init my_project', 'static_parser': 'True', 'target_path': 'None', 'warn_error_options': 'WarnErrorOptions(include=[], exclude=[])', 'send_anonymous_usage_stats': 'True'}
[0m18:36:31.494686 [debug] [MainThread]: Starter project path: c:\Users\teeyob\EthiMed_Data_Hub\.venv\Lib\site-packages\dbt\include\starter_project
[0m18:36:31.510277 [info ] [MainThread]: 
Your new dbt project "my_project" was created!

For more information on how to configure the profiles.yml file,
please consult the dbt documentation here:

  https://docs.getdbt.com/docs/configure-your-profile

One more thing:

Need help? Don't hesitate to reach out to us via GitHub issues or on Slack:

  https://community.getdbt.com/

Happy modeling!

[0m18:36:31.510277 [info ] [MainThread]: Setting up your profile.
[0m18:42:11.462030 [info ] [MainThread]: Profile my_project written to C:\Users\teeyob\.dbt\profiles.yml using target's profile_template.yml and your supplied values. Run 'dbt debug' to validate the connection.
[0m18:42:11.462030 [debug] [MainThread]: Command `dbt init` succeeded at 18:42:11.462030 after 340.22 seconds
[0m18:42:11.462030 [debug] [MainThread]: Sending event: {'category': 'dbt', 'action': 'invocation', 'label': 'end', 'context': [<snowplow_tracker.self_describing_json.SelfDescribingJson object at 0x000002792B9385F0>, <snowplow_tracker.self_describing_json.SelfDescribingJson object at 0x000002792B8D03E0>, <snowplow_tracker.self_describing_json.SelfDescribingJson object at 0x000002792BD6F770>]}
[0m18:42:11.462030 [debug] [MainThread]: Flushing usage events
[0m18:42:12.350685 [debug] [MainThread]: An error was encountered while trying to flush usage events
[0m18:42:54.527351 [debug] [MainThread]: Sending event: {'category': 'dbt', 'action': 'invocation', 'label': 'start', 'context': [<snowplow_tracker.self_describing_json.SelfDescribingJson object at 0x00000220C7698770>, <snowplow_tracker.self_describing_json.SelfDescribingJson object at 0x00000220CA26D1C0>, <snowplow_tracker.self_describing_json.SelfDescribingJson object at 0x00000220CA26D190>]}


============================== 18:42:54.542973 | 40241eb2-2ad1-45af-9836-a3bf38f2f77b ==============================
[0m18:42:54.542973 [info ] [MainThread]: Running with dbt=1.9.0-b2
[0m18:42:54.542973 [debug] [MainThread]: running dbt with arguments {'printer_width': '80', 'indirect_selection': 'eager', 'write_json': 'True', 'log_cache_events': 'False', 'partial_parse': 'True', 'cache_selected_only': 'False', 'profiles_dir': 'C:\\Users\\teeyob\\.dbt', 'debug': 'False', 'fail_fast': 'False', 'log_path': 'logs', 'warn_error': 'None', 'version_check': 'True', 'use_colors': 'True', 'use_experimental_parser': 'False', 'empty': 'None', 'quiet': 'False', 'no_print': 'None', 'log_format': 'default', 'invocation_command': 'dbt debug', 'warn_error_options': 'WarnErrorOptions(include=[], exclude=[])', 'introspect': 'True', 'target_path': 'None', 'static_parser': 'True', 'send_anonymous_usage_stats': 'True'}
[0m18:42:54.558594 [info ] [MainThread]: dbt version: 1.9.0-b2
[0m18:42:54.558594 [info ] [MainThread]: python version: 3.12.5
[0m18:42:54.558594 [info ] [MainThread]: python path: c:\Users\teeyob\EthiMed_Data_Hub\.venv\Scripts\python.exe
[0m18:42:54.558594 [info ] [MainThread]: os info: Windows-11-10.0.22621-SP0
[0m18:42:54.621078 [info ] [MainThread]: Using profiles dir at C:\Users\teeyob\.dbt
[0m18:42:54.621078 [info ] [MainThread]: Using profiles.yml file at C:\Users\teeyob\.dbt\profiles.yml
[0m18:42:54.621078 [info ] [MainThread]: Using dbt_project.yml file at C:\Users\teeyob\EthiMed_Data_Hub\dbt_project.yml
[0m18:42:54.621078 [info ] [MainThread]: adapter type: postgres
[0m18:42:54.621078 [info ] [MainThread]: adapter version: 1.8.2
[0m18:42:54.621078 [info ] [MainThread]: Configuration:
[0m18:42:54.621078 [info ] [MainThread]:   profiles.yml file [[32mOK found and valid[0m]
[0m18:42:54.636700 [info ] [MainThread]:   dbt_project.yml file [[31mERROR not found[0m]
[0m18:42:54.636700 [info ] [MainThread]: Required dependencies:
[0m18:42:54.636700 [debug] [MainThread]: Executing "git --help"
[0m18:42:54.683563 [debug] [MainThread]: STDOUT: "b"usage: git [-v | --version] [-h | --help] [-C <path>] [-c <name>=<value>]\n           [--exec-path[=<path>]] [--html-path] [--man-path] [--info-path]\n           [-p | --paginate | -P | --no-pager] [--no-replace-objects] [--bare]\n           [--git-dir=<path>] [--work-tree=<path>] [--namespace=<name>]\n           [--config-env=<name>=<envvar>] <command> [<args>]\n\nThese are common Git commands used in various situations:\n\nstart a working area (see also: git help tutorial)\n   clone     Clone a repository into a new directory\n   init      Create an empty Git repository or reinitialize an existing one\n\nwork on the current change (see also: git help everyday)\n   add       Add file contents to the index\n   mv        Move or rename a file, a directory, or a symlink\n   restore   Restore working tree files\n   rm        Remove files from the working tree and from the index\n\nexamine the history and state (see also: git help revisions)\n   bisect    Use binary search to find the commit that introduced a bug\n   diff      Show changes between commits, commit and working tree, etc\n   grep      Print lines matching a pattern\n   log       Show commit logs\n   show      Show various types of objects\n   status    Show the working tree status\n\ngrow, mark and tweak your common history\n   branch    List, create, or delete branches\n   commit    Record changes to the repository\n   merge     Join two or more development histories together\n   rebase    Reapply commits on top of another base tip\n   reset     Reset current HEAD to the specified state\n   switch    Switch branches\n   tag       Create, list, delete or verify a tag object signed with GPG\n\ncollaborate (see also: git help workflows)\n   fetch     Download objects and refs from another repository\n   pull      Fetch from and integrate with another repository or a local branch\n   push      Update remote refs along with associated objects\n\n'git help -a' and 'git help -g' list available subcommands and some\nconcept guides. See 'git help <command>' or 'git help <concept>'\nto read about a specific subcommand or concept.\nSee 'git help git' for an overview of the system.\n""
[0m18:42:54.683563 [debug] [MainThread]: STDERR: "b''"
[0m18:42:54.683563 [info ] [MainThread]:  - git [[32mOK found[0m]

[0m18:42:54.683563 [info ] [MainThread]: Connection:
[0m18:42:54.683563 [info ] [MainThread]:   host: localhost
[0m18:42:54.683563 [info ] [MainThread]:   port: 5432
[0m18:42:54.683563 [info ] [MainThread]:   user: postgres
[0m18:42:54.683563 [info ] [MainThread]:   database: Med
[0m18:42:54.683563 [info ] [MainThread]:   schema: public
[0m18:42:54.683563 [info ] [MainThread]:   connect_timeout: 10
[0m18:42:54.683563 [info ] [MainThread]:   role: None
[0m18:42:54.683563 [info ] [MainThread]:   search_path: None
[0m18:42:54.699184 [info ] [MainThread]:   keepalives_idle: 0
[0m18:42:54.699184 [info ] [MainThread]:   sslmode: None
[0m18:42:54.699184 [info ] [MainThread]:   sslcert: None
[0m18:42:54.699184 [info ] [MainThread]:   sslkey: None
[0m18:42:54.699184 [info ] [MainThread]:   sslrootcert: None
[0m18:42:54.699184 [info ] [MainThread]:   application_name: dbt
[0m18:42:54.699184 [info ] [MainThread]:   retries: 1
[0m18:42:54.699184 [info ] [MainThread]: Registered adapter: postgres=1.8.2
[0m18:42:54.699184 [debug] [MainThread]: Acquiring new postgres connection 'debug'
[0m18:42:54.808558 [debug] [MainThread]: Using postgres connection "debug"
[0m18:42:54.808558 [debug] [MainThread]: On debug: select 1 as id
[0m18:42:54.808558 [debug] [MainThread]: Opening a new connection, currently in state init
[0m18:42:54.855425 [debug] [MainThread]: SQL status: SELECT 1 in 0.052 seconds
[0m18:42:54.855425 [debug] [MainThread]: On debug: Close
[0m18:42:54.855425 [info ] [MainThread]:   Connection test: [[32mOK connection ok[0m]

[0m18:42:54.855425 [info ] [MainThread]: [31m1 check failed:[0m
[0m18:42:54.855425 [info ] [MainThread]: Project loading failed for the following reason:
 project path <C:\Users\teeyob\EthiMed_Data_Hub\dbt_project.yml> not found

[0m18:42:54.855425 [debug] [MainThread]: Command `dbt debug` failed at 18:42:54.855425 after 0.54 seconds
[0m18:42:54.855425 [debug] [MainThread]: Connection 'debug' was properly closed.
[0m18:42:54.855425 [debug] [MainThread]: Sending event: {'category': 'dbt', 'action': 'invocation', 'label': 'end', 'context': [<snowplow_tracker.self_describing_json.SelfDescribingJson object at 0x00000220CA0C11F0>, <snowplow_tracker.self_describing_json.SelfDescribingJson object at 0x00000220C818C740>, <snowplow_tracker.self_describing_json.SelfDescribingJson object at 0x00000220C9F97500>]}
[0m18:42:54.855425 [debug] [MainThread]: Flushing usage events
[0m18:42:55.729333 [debug] [MainThread]: An error was encountered while trying to flush usage events
[0m20:00:35.626127 [debug] [MainThread]: Sending event: {'category': 'dbt', 'action': 'invocation', 'label': 'start', 'context': [<snowplow_tracker.self_describing_json.SelfDescribingJson object at 0x00000214CA215CD0>, <snowplow_tracker.self_describing_json.SelfDescribingJson object at 0x00000214C9775F70>, <snowplow_tracker.self_describing_json.SelfDescribingJson object at 0x00000214C9776A80>]}


============================== 20:00:35.641722 | eef5b479-391e-4b10-8f77-720e9e29dd16 ==============================
[0m20:00:35.641722 [info ] [MainThread]: Running with dbt=1.9.0-b2
[0m20:00:35.641722 [debug] [MainThread]: running dbt with arguments {'printer_width': '80', 'indirect_selection': 'eager', 'write_json': 'True', 'log_cache_events': 'False', 'partial_parse': 'True', 'cache_selected_only': 'False', 'profiles_dir': 'C:\\Users\\teeyob\\.dbt', 'debug': 'False', 'fail_fast': 'False', 'log_path': 'logs', 'warn_error': 'None', 'version_check': 'True', 'use_colors': 'True', 'use_experimental_parser': 'False', 'no_print': 'None', 'quiet': 'False', 'empty': 'False', 'warn_error_options': 'WarnErrorOptions(include=[], exclude=[])', 'introspect': 'True', 'static_parser': 'True', 'invocation_command': 'dbt run', 'target_path': 'None', 'log_format': 'default', 'send_anonymous_usage_stats': 'True'}
[0m20:00:35.641722 [error] [MainThread]: Encountered an error:
Runtime Error
  No dbt_project.yml found at expected path C:\Users\teeyob\EthiMed_Data_Hub\dbt_project.yml
  Verify that each entry within packages.yml (and their transitive dependencies) contains a file named dbt_project.yml
  
[0m20:00:35.641722 [debug] [MainThread]: Command `dbt run` failed at 20:00:35.641722 after 0.21 seconds
[0m20:00:35.641722 [debug] [MainThread]: Sending event: {'category': 'dbt', 'action': 'invocation', 'label': 'end', 'context': [<snowplow_tracker.self_describing_json.SelfDescribingJson object at 0x00000214C9E07E00>, <snowplow_tracker.self_describing_json.SelfDescribingJson object at 0x00000214CA400770>, <snowplow_tracker.self_describing_json.SelfDescribingJson object at 0x00000214CA4F7D10>]}
[0m20:00:35.641722 [debug] [MainThread]: Flushing usage events
[0m20:00:37.429952 [debug] [MainThread]: An error was encountered while trying to flush usage events
[0m13:41:25.361790 [debug] [MainThread]: Sending event: {'category': 'dbt', 'action': 'invocation', 'label': 'start', 'context': [<snowplow_tracker.self_describing_json.SelfDescribingJson object at 0x0000028204A61310>, <snowplow_tracker.self_describing_json.SelfDescribingJson object at 0x00000282031D29F0>, <snowplow_tracker.self_describing_json.SelfDescribingJson object at 0x00000282052388C0>]}


============================== 13:41:25.361790 | 6ab55f78-eabe-4c93-8861-21e44e71c5bb ==============================
[0m13:41:25.361790 [info ] [MainThread]: Running with dbt=1.9.0-b2
[0m13:41:25.361790 [debug] [MainThread]: running dbt with arguments {'printer_width': '80', 'indirect_selection': 'eager', 'write_json': 'True', 'log_cache_events': 'False', 'partial_parse': 'True', 'cache_selected_only': 'False', 'warn_error': 'None', 'version_check': 'True', 'profiles_dir': 'C:\\Users\\teeyob\\.dbt', 'log_path': 'logs', 'fail_fast': 'False', 'debug': 'False', 'use_colors': 'True', 'use_experimental_parser': 'False', 'no_print': 'None', 'quiet': 'False', 'empty': 'None', 'warn_error_options': 'WarnErrorOptions(include=[], exclude=[])', 'static_parser': 'True', 'introspect': 'True', 'invocation_command': 'dbt init my_project', 'target_path': 'None', 'log_format': 'default', 'send_anonymous_usage_stats': 'True'}
[0m13:41:25.412597 [debug] [MainThread]: Starter project path: c:\Users\teeyob\EthiMed_Data_Hub\.venv\Lib\site-packages\dbt\include\starter_project
[0m13:41:25.462765 [info ] [MainThread]: 
Your new dbt project "my_project" was created!

For more information on how to configure the profiles.yml file,
please consult the dbt documentation here:

  https://docs.getdbt.com/docs/configure-your-profile

One more thing:

Need help? Don't hesitate to reach out to us via GitHub issues or on Slack:

  https://community.getdbt.com/

Happy modeling!

[0m13:41:25.464160 [info ] [MainThread]: Setting up your profile.
[0m13:42:56.917409 [info ] [MainThread]: Profile my_project written to C:\Users\teeyob\.dbt\profiles.yml using target's profile_template.yml and your supplied values. Run 'dbt debug' to validate the connection.
[0m13:42:56.932751 [debug] [MainThread]: Command `dbt init` succeeded at 13:42:56.932751 after 91.72 seconds
[0m13:42:56.932751 [debug] [MainThread]: Sending event: {'category': 'dbt', 'action': 'invocation', 'label': 'end', 'context': [<snowplow_tracker.self_describing_json.SelfDescribingJson object at 0x000002827F960D70>, <snowplow_tracker.self_describing_json.SelfDescribingJson object at 0x00000282054AE270>, <snowplow_tracker.self_describing_json.SelfDescribingJson object at 0x0000028204A84F80>]}
[0m13:42:56.932751 [debug] [MainThread]: Flushing usage events
[0m13:42:57.841106 [debug] [MainThread]: An error was encountered while trying to flush usage events
[0m14:15:57.385024 [debug] [MainThread]: Sending event: {'category': 'dbt', 'action': 'invocation', 'label': 'start', 'context': [<snowplow_tracker.self_describing_json.SelfDescribingJson object at 0x000001CAE691A8A0>, <snowplow_tracker.self_describing_json.SelfDescribingJson object at 0x000001CAE4855A90>, <snowplow_tracker.self_describing_json.SelfDescribingJson object at 0x000001CAE469AA80>]}


============================== 14:15:57.385024 | b4ea98db-776d-44cc-b9ba-7d829c2d4090 ==============================
[0m14:15:57.385024 [info ] [MainThread]: Running with dbt=1.9.0-b2
[0m14:15:57.385024 [debug] [MainThread]: running dbt with arguments {'printer_width': '80', 'indirect_selection': 'eager', 'write_json': 'True', 'log_cache_events': 'False', 'partial_parse': 'True', 'cache_selected_only': 'False', 'profiles_dir': 'C:\\Users\\teeyob\\.dbt', 'version_check': 'True', 'debug': 'False', 'log_path': 'logs', 'fail_fast': 'False', 'warn_error': 'None', 'use_colors': 'True', 'use_experimental_parser': 'False', 'no_print': 'None', 'quiet': 'False', 'empty': 'False', 'warn_error_options': 'WarnErrorOptions(include=[], exclude=[])', 'static_parser': 'True', 'invocation_command': 'dbt run', 'introspect': 'True', 'target_path': 'None', 'log_format': 'default', 'send_anonymous_usage_stats': 'True'}
[0m14:15:57.385024 [error] [MainThread]: Encountered an error:
Runtime Error
  No dbt_project.yml found at expected path C:\Users\teeyob\EthiMed_Data_Hub\dbt_project.yml
  Verify that each entry within packages.yml (and their transitive dependencies) contains a file named dbt_project.yml
  
[0m14:15:57.385024 [debug] [MainThread]: Command `dbt run` failed at 14:15:57.385024 after 0.24 seconds
[0m14:15:57.385024 [debug] [MainThread]: Sending event: {'category': 'dbt', 'action': 'invocation', 'label': 'end', 'context': [<snowplow_tracker.self_describing_json.SelfDescribingJson object at 0x000001CAE6CC5C10>, <snowplow_tracker.self_describing_json.SelfDescribingJson object at 0x000001CAE712D4C0>, <snowplow_tracker.self_describing_json.SelfDescribingJson object at 0x000001CAE715FA40>]}
[0m14:15:57.385024 [debug] [MainThread]: Flushing usage events
[0m14:15:58.312473 [debug] [MainThread]: An error was encountered while trying to flush usage events
